<?xml version="1.0" encoding="UTF-8"?>
<testsuite xmlns:xsi="http://www.w3.org/2001/XMLSchema-instance" xsi:noNamespaceSchemaLocation="https://maven.apache.org/surefire/maven-surefire-plugin/xsd/surefire-test-report.xsd" version="3.0.2" name="TestSuite" time="48.628" tests="12" errors="0" skipped="0" failures="0">
  <properties>
    <property name="java.specification.version" value="17"/>
    <property name="sun.jnu.encoding" value="UTF-8"/>
    <property name="java.class.path" value="/Users/deligence/Factile/AutomationScriptUsingPlaywright-CodeForUbuntu/target/test-classes:/Users/deligence/Factile/AutomationScriptUsingPlaywright-CodeForUbuntu/target/classes:/Users/deligence/.m2/repository/dom4j/dom4j/1.6.1/dom4j-1.6.1.jar:/Users/deligence/.m2/repository/xml-apis/xml-apis/1.0.b2/xml-apis-1.0.b2.jar:/Users/deligence/.m2/repository/com/aventstack/extentreports/5.0.9/extentreports-5.0.9.jar:/Users/deligence/.m2/repository/io/reactivex/rxjava3/rxjava/3.0.4/rxjava-3.0.4.jar:/Users/deligence/.m2/repository/org/reactivestreams/reactive-streams/1.0.3/reactive-streams-1.0.3.jar:/Users/deligence/.m2/repository/org/freemarker/freemarker/2.3.30/freemarker-2.3.30.jar:/Users/deligence/.m2/repository/com/google/code/gson/gson/2.8.6/gson-2.8.6.jar:/Users/deligence/.m2/repository/org/testng/testng/7.8.0/testng-7.8.0.jar:/Users/deligence/.m2/repository/org/slf4j/slf4j-api/1.7.36/slf4j-api-1.7.36.jar:/Users/deligence/.m2/repository/com/beust/jcommander/1.82/jcommander-1.82.jar:/Users/deligence/.m2/repository/org/webjars/jquery/3.6.1/jquery-3.6.1.jar:/Users/deligence/.m2/repository/com/sun/mail/javax.mail/1.6.2/javax.mail-1.6.2.jar:/Users/deligence/.m2/repository/javax/activation/activation/1.1/activation-1.1.jar:/Users/deligence/.m2/repository/com/microsoft/playwright/playwright/1.49.0/playwright-1.49.0.jar:/Users/deligence/.m2/repository/org/opentest4j/opentest4j/1.3.0/opentest4j-1.3.0.jar:/Users/deligence/.m2/repository/com/microsoft/playwright/driver/1.49.0/driver-1.49.0.jar:/Users/deligence/.m2/repository/com/microsoft/playwright/driver-bundle/1.49.0/driver-bundle-1.49.0.jar:/Users/deligence/.m2/repository/org/apache/maven/surefire/surefire-booter/3.0.0-M4/surefire-booter-3.0.0-M4.jar:/Users/deligence/.m2/repository/org/apache/maven/surefire/surefire-api/3.0.0-M4/surefire-api-3.0.0-M4.jar:/Users/deligence/.m2/repository/org/apache/maven/surefire/surefire-logger-api/3.0.0-M4/surefire-logger-api-3.0.0-M4.jar:/Users/deligence/.m2/repository/org/projectlombok/lombok/1.18.36/lombok-1.18.36.jar:"/>
    <property name="java.vm.vendor" value="Oracle Corporation"/>
    <property name="sun.arch.data.model" value="64"/>
    <property name="java.vendor.url" value="https://java.oracle.com/"/>
    <property name="user.timezone" value="Asia/Kolkata"/>
    <property name="os.name" value="Mac OS X"/>
    <property name="java.vm.specification.version" value="17"/>
    <property name="sun.java.launcher" value="SUN_STANDARD"/>
    <property name="user.country" value="IN"/>
    <property name="sun.boot.library.path" value="/Library/Java/JavaVirtualMachines/jdk-17.jdk/Contents/Home/lib"/>
    <property name="sun.java.command" value="/Users/deligence/Factile/AutomationScriptUsingPlaywright-CodeForUbuntu/target/surefire/surefirebooter-20250124143453209_3.jar /Users/deligence/Factile/AutomationScriptUsingPlaywright-CodeForUbuntu/target/surefire 2025-01-24T14-34-53_172-jvmRun1 surefire-20250124143453209_1tmp surefire_0-20250124143453209_2tmp"/>
    <property name="http.nonProxyHosts" value="local|*.local|169.254/16|*.169.254/16"/>
    <property name="jdk.debug" value="release"/>
    <property name="surefire.test.class.path" value="/Users/deligence/Factile/AutomationScriptUsingPlaywright-CodeForUbuntu/target/test-classes:/Users/deligence/Factile/AutomationScriptUsingPlaywright-CodeForUbuntu/target/classes:/Users/deligence/.m2/repository/dom4j/dom4j/1.6.1/dom4j-1.6.1.jar:/Users/deligence/.m2/repository/xml-apis/xml-apis/1.0.b2/xml-apis-1.0.b2.jar:/Users/deligence/.m2/repository/com/aventstack/extentreports/5.0.9/extentreports-5.0.9.jar:/Users/deligence/.m2/repository/io/reactivex/rxjava3/rxjava/3.0.4/rxjava-3.0.4.jar:/Users/deligence/.m2/repository/org/reactivestreams/reactive-streams/1.0.3/reactive-streams-1.0.3.jar:/Users/deligence/.m2/repository/org/freemarker/freemarker/2.3.30/freemarker-2.3.30.jar:/Users/deligence/.m2/repository/com/google/code/gson/gson/2.8.6/gson-2.8.6.jar:/Users/deligence/.m2/repository/org/testng/testng/7.8.0/testng-7.8.0.jar:/Users/deligence/.m2/repository/org/slf4j/slf4j-api/1.7.36/slf4j-api-1.7.36.jar:/Users/deligence/.m2/repository/com/beust/jcommander/1.82/jcommander-1.82.jar:/Users/deligence/.m2/repository/org/webjars/jquery/3.6.1/jquery-3.6.1.jar:/Users/deligence/.m2/repository/com/sun/mail/javax.mail/1.6.2/javax.mail-1.6.2.jar:/Users/deligence/.m2/repository/javax/activation/activation/1.1/activation-1.1.jar:/Users/deligence/.m2/repository/com/microsoft/playwright/playwright/1.49.0/playwright-1.49.0.jar:/Users/deligence/.m2/repository/org/opentest4j/opentest4j/1.3.0/opentest4j-1.3.0.jar:/Users/deligence/.m2/repository/com/microsoft/playwright/driver/1.49.0/driver-1.49.0.jar:/Users/deligence/.m2/repository/com/microsoft/playwright/driver-bundle/1.49.0/driver-bundle-1.49.0.jar:/Users/deligence/.m2/repository/org/apache/maven/surefire/surefire-booter/3.0.0-M4/surefire-booter-3.0.0-M4.jar:/Users/deligence/.m2/repository/org/apache/maven/surefire/surefire-api/3.0.0-M4/surefire-api-3.0.0-M4.jar:/Users/deligence/.m2/repository/org/apache/maven/surefire/surefire-logger-api/3.0.0-M4/surefire-logger-api-3.0.0-M4.jar:/Users/deligence/.m2/repository/org/projectlombok/lombok/1.18.36/lombok-1.18.36.jar:"/>
    <property name="sun.cpu.endian" value="little"/>
    <property name="user.home" value="/Users/deligence"/>
    <property name="user.language" value="en"/>
    <property name="java.specification.vendor" value="Oracle Corporation"/>
    <property name="java.version.date" value="2024-07-16"/>
    <property name="java.home" value="/Library/Java/JavaVirtualMachines/jdk-17.jdk/Contents/Home"/>
    <property name="file.separator" value="/"/>
    <property name="basedir" value="/Users/deligence/Factile/AutomationScriptUsingPlaywright-CodeForUbuntu"/>
    <property name="java.vm.compressedOopsMode" value="Zero based"/>
    <property name="line.separator" value="&#10;"/>
    <property name="java.specification.name" value="Java Platform API Specification"/>
    <property name="java.vm.specification.vendor" value="Oracle Corporation"/>
    <property name="surefire.real.class.path" value="/Users/deligence/Factile/AutomationScriptUsingPlaywright-CodeForUbuntu/target/surefire/surefirebooter-20250124143453209_3.jar"/>
    <property name="sun.management.compiler" value="HotSpot 64-Bit Tiered Compilers"/>
    <property name="ftp.nonProxyHosts" value="local|*.local|169.254/16|*.169.254/16"/>
    <property name="java.runtime.version" value="17.0.12+8-LTS-286"/>
    <property name="user.name" value="deligence"/>
    <property name="path.separator" value=":"/>
    <property name="os.version" value="14.3"/>
    <property name="java.runtime.name" value="Java(TM) SE Runtime Environment"/>
    <property name="file.encoding" value="UTF-8"/>
    <property name="java.vm.name" value="Java HotSpot(TM) 64-Bit Server VM"/>
    <property name="localRepository" value="/Users/deligence/.m2/repository"/>
    <property name="java.vendor.url.bug" value="https://bugreport.java.com/bugreport/"/>
    <property name="java.io.tmpdir" value="/var/folders/bm/sr_qs5zj61d91jq0wwmhsd0w0000gn/T/"/>
    <property name="java.version" value="17.0.12"/>
    <property name="user.dir" value="/Users/deligence/Factile/AutomationScriptUsingPlaywright-CodeForUbuntu"/>
    <property name="os.arch" value="aarch64"/>
    <property name="java.vm.specification.name" value="Java Virtual Machine Specification"/>
    <property name="native.encoding" value="UTF-8"/>
    <property name="java.library.path" value="/Users/deligence/Library/Java/Extensions:/Library/Java/Extensions:/Network/Library/Java/Extensions:/System/Library/Java/Extensions:/usr/lib/java:."/>
    <property name="java.vm.info" value="mixed mode, sharing"/>
    <property name="java.vendor" value="Oracle Corporation"/>
    <property name="java.vm.version" value="17.0.12+8-LTS-286"/>
    <property name="sun.io.unicode.encoding" value="UnicodeBig"/>
    <property name="socksNonProxyHosts" value="local|*.local|169.254/16|*.169.254/16"/>
    <property name="java.class.version" value="61.0"/>
  </properties>
  <testcase name="Sign_Up_with_Valid_Credentials" classname="com.SignUP" time="10.829">
    <system-out><![CDATA[After performing  Sign up, I have deleted the new account and fetching the title of the page:-Classroom Jeopardy Review Game | Buzzer Mode | Factile
]]></system-out>
    <system-err><![CDATA[SLF4J: Failed to load class "org.slf4j.impl.StaticLoggerBinder".
SLF4J: Defaulting to no-operation (NOP) logger implementation
SLF4J: See http://www.slf4j.org/codes.html#StaticLoggerBinder for further details.
]]></system-err>
  </testcase>
  <testcase name="Sign_Up_with_an_already_Registered_Email" classname="com.SignUP" time="3.027"/>
  <testcase name="SignUp_with_an_Invalid_EmailID" classname="com.SignUP" time="1.162"/>
  <testcase name="SignUp_with_Password_ConfirmPassword_Missmatch" classname="com.SignUP" time="1.067"/>
  <testcase name="SignUp_with_a_Password_Less_Than_6_Characters" classname="com.SignUP" time="1.048"/>
  <testcase name="SignUp_with_an_Email_Containing_Invalid_Characters_Space" classname="com.SignUP" time="1.067"/>
  <testcase name="SignUp_with_an_Password_Containing_Invalid_Characters_Space" classname="com.SignUP" time="1.101"/>
  <testcase name="Login_with_valid_usernameAndpassword" classname="com.Login" time="3.054"/>
  <testcase name="Login_with_valid_emailAndpassword" classname="com.Login" time="3.658"/>
  <testcase name="Login_with_Invalid_username" classname="com.Login" time="5.063"/>
  <testcase name="Login_with_Invalid_Gmail" classname="com.Login" time="5.134"/>
  <testcase name="Login_with_Invalid_Password" classname="com.Login" time="5.077"/>
</testsuite>