<?xml version="1.0" encoding="UTF-8"?>
<!-- Generated by org.testng.reporters.JUnitReportReporter -->
<testsuite hostname="DELIGENCEs-Laptop-2.local" failures="0" tests="5" name="com.Login" time="21.975" errors="0" timestamp="2025-01-24T14:35:41 IST" skipped="0">
  <testcase classname="com.Login" name="Login_with_valid_usernameAndpassword" time="3.047"/>
  <testcase classname="com.Login" name="Login_with_valid_emailAndpassword" time="3.658"/>
  <testcase classname="com.Login" name="Login_with_Invalid_username" time="5.062"/>
  <testcase classname="com.Login" name="Login_with_Invalid_Gmail" time="5.131"/>
  <testcase classname="com.Login" name="Login_with_Invalid_Password" time="5.077"/>
</testsuite> <!-- com.Login -->
