<?xml version="1.0" encoding="UTF-8"?>
<!-- Generated by org.testng.reporters.JUnitReportReporter -->
<testsuite hostname="DELIGENCEs-Laptop-2.local" failures="0" tests="7" name="com.SignUP" time="19.310" errors="0" timestamp="2025-01-24T14:35:41 IST" skipped="0">
  <testcase classname="com.SignUP" name="Sign_Up_with_Valid_Credentials" time="10.831"/>
  <testcase classname="com.SignUP" name="Sign_Up_with_an_already_Registered_Email" time="3.034"/>
  <testcase classname="com.SignUP" name="SignUp_with_an_Invalid_EmailID" time="1.163"/>
  <testcase classname="com.SignUP" name="SignUp_with_Password_ConfirmPassword_Missmatch" time="1.066"/>
  <testcase classname="com.SignUP" name="SignUp_with_a_Password_Less_Than_6_Characters" time="1.048"/>
  <testcase classname="com.SignUP" name="SignUp_with_an_Email_Containing_Invalid_Characters_Space" time="1.067"/>
  <testcase classname="com.SignUP" name="SignUp_with_an_Password_Containing_Invalid_Characters_Space" time="1.101"/>
</testsuite> <!-- com.SignUP -->
